<?xml version="1.0" encoding="UTF-8"?>
<testsuite name="GameTest" tests="2" skipped="0" failures="0" errors="0" timestamp="2021-07-26T01:20:00" hostname="MacBook-Pro.lan" time="0.134">
  <properties/>
  <testcase name="should_provide_words_to_be_spoken()" classname="GameTest" time="0.124"/>
  <testcase name="should_create_object_with_given_size()" classname="GameTest" time="0.004"/>
  <system-out><![CDATA[]]></system-out>
  <system-err><![CDATA[]]></system-err>
</testsuite>
